authenticator-app/app/build/intermediates/manifest_merge_blame_file/release/manifest-merger-blame-release-report.txt
1<?xml version="1.0" encoding="utf-8"?>
2<manifest xmlns:android="http://schemas.android.com/apk/res/android"
3    package="com.digitalpapyrus.authenticator"
4    android:versionCode="1"
5    android:versionName="4.0.0" >
6
7    <uses-sdk
8        android:minSdkVersion="26"
9        android:targetSdkVersion="34" />
10
11    <!-- Required for SMS functionality on Chrome OS compatibility -->
12    <uses-feature
12-->src/main/AndroidManifest.xml:6:5-8:36
13        android:name="android.hardware.telephony"
13-->src/main/AndroidManifest.xml:7:9-50
14        android:required="false" />
14-->src/main/AndroidManifest.xml:8:9-33
15
16    <!-- SMS permissions -->
17    <uses-permission android:name="android.permission.RECEIVE_SMS" />
17-->src/main/AndroidManifest.xml:11:5-70
17-->src/main/AndroidManifest.xml:11:22-67
18    <uses-permission android:name="android.permission.READ_SMS" />
18-->src/main/AndroidManifest.xml:12:5-67
18-->src/main/AndroidManifest.xml:12:22-64
19    <uses-permission android:name="android.permission.SEND_SMS" />
19-->src/main/AndroidManifest.xml:13:5-67
19-->src/main/AndroidManifest.xml:13:22-64
20
21    <!-- Foreground service permissions -->
22    <uses-permission android:name="android.permission.FOREGROUND_SERVICE" />
22-->src/main/AndroidManifest.xml:16:5-77
22-->src/main/AndroidManifest.xml:16:22-74
23    <uses-permission android:name="android.permission.FOREGROUND_SERVICE_REMOTE_MESSAGING" />
23-->src/main/AndroidManifest.xml:17:5-94
23-->src/main/AndroidManifest.xml:17:22-91
24
25    <!-- Keep-alive permissions -->
26    <uses-permission android:name="android.permission.WAKE_LOCK" />
26-->src/main/AndroidManifest.xml:20:5-68
26-->src/main/AndroidManifest.xml:20:22-65
27    <uses-permission android:name="android.permission.SCHEDULE_EXACT_ALARM" />
27-->src/main/AndroidManifest.xml:21:5-79
27-->src/main/AndroidManifest.xml:21:22-76
28    <uses-permission android:name="android.permission.USE_EXACT_ALARM" />
28-->src/main/AndroidManifest.xml:22:5-74
28-->src/main/AndroidManifest.xml:22:22-71
29
30    <!-- Boot receiver -->
31    <uses-permission android:name="android.permission.RECEIVE_BOOT_COMPLETED" />
31-->src/main/AndroidManifest.xml:25:5-81
31-->src/main/AndroidManifest.xml:25:22-78
32
33    <!-- Internet for Firebase -->
34    <uses-permission android:name="android.permission.INTERNET" />
34-->src/main/AndroidManifest.xml:28:5-67
34-->src/main/AndroidManifest.xml:28:22-64
35    <uses-permission android:name="android.permission.ACCESS_NETWORK_STATE" />
35-->src/main/AndroidManifest.xml:29:5-79
35-->src/main/AndroidManifest.xml:29:22-76
36
37    <!-- Notification permission (Android 13+) -->
38    <uses-permission android:name="android.permission.POST_NOTIFICATIONS" />
38-->src/main/AndroidManifest.xml:32:5-77
38-->src/main/AndroidManifest.xml:32:22-74
39    <uses-permission android:name="com.google.android.providers.gsf.permission.READ_GSERVICES" /> <!-- Required by older versions of Google Play services to create IID tokens -->
39-->[com.google.android.recaptcha:recaptcha:18.4.0] AndroidManifest.xml:9:5-98
39-->[com.google.android.recaptcha:recaptcha:18.4.0] AndroidManifest.xml:9:22-95
40    <uses-permission android:name="com.google.android.c2dm.permission.RECEIVE" />
40-->[com.google.firebase:firebase-messaging:24.0.0] AndroidManifest.xml:26:5-82
40-->[com.google.firebase:firebase-messaging:24.0.0] AndroidManifest.xml:26:22-79
41
42    <permission
42-->[androidx.core:core:1.13.0] AndroidManifest.xml:22:5-24:47
43        android:name="com.digitalpapyrus.authenticator.DYNAMIC_RECEIVER_NOT_EXPORTED_PERMISSION"
43-->[androidx.core:core:1.13.0] AndroidManifest.xml:23:9-81
44        android:protectionLevel="signature" />
44-->[androidx.core:core:1.13.0] AndroidManifest.xml:24:9-44
45
46    <uses-permission android:name="com.digitalpapyrus.authenticator.DYNAMIC_RECEIVER_NOT_EXPORTED_PERMISSION" />
46-->[androidx.core:core:1.13.0] AndroidManifest.xml:26:5-97
46-->[androidx.core:core:1.13.0] AndroidManifest.xml:26:22-94
47
48    <application
48-->src/main/AndroidManifest.xml:34:5-98:19
49        android:allowBackup="true"
49-->src/main/AndroidManifest.xml:35:9-35
50        android:appComponentFactory="androidx.core.app.CoreComponentFactory"
50-->[androidx.core:core:1.13.0] AndroidManifest.xml:28:18-86
51        android:extractNativeLibs="false"
52        android:icon="@mipmap/ic_launcher"
52-->src/main/AndroidManifest.xml:36:9-43
53        android:label="Phone Authenticator"
53-->src/main/AndroidManifest.xml:37:9-44
54        android:roundIcon="@mipmap/ic_launcher_round"
54-->src/main/AndroidManifest.xml:38:9-54
55        android:supportsRtl="true"
55-->src/main/AndroidManifest.xml:39:9-35
56        android:theme="@style/Theme.AppCompat.Light.NoActionBar" >
56-->src/main/AndroidManifest.xml:40:9-65
57        <activity
57-->src/main/AndroidManifest.xml:43:9-51:20
58            android:name="com.digitalpapyrus.authenticator.MainActivity"
58-->src/main/AndroidManifest.xml:44:13-41
59            android:exported="true"
59-->src/main/AndroidManifest.xml:45:13-36
60            android:theme="@style/Theme.AppCompat.Light.NoActionBar" >
60-->src/main/AndroidManifest.xml:46:13-69
61            <intent-filter>
61-->src/main/AndroidManifest.xml:47:13-50:29
62                <action android:name="android.intent.action.MAIN" />
62-->src/main/AndroidManifest.xml:48:17-69
62-->src/main/AndroidManifest.xml:48:25-66
63
64                <category android:name="android.intent.category.LAUNCHER" />
64-->src/main/AndroidManifest.xml:49:17-77
64-->src/main/AndroidManifest.xml:49:27-74
65            </intent-filter>
66        </activity>
67
68        <!-- Foreground Service -->
69        <service
69-->src/main/AndroidManifest.xml:54:9-58:63
70            android:name="com.digitalpapyrus.authenticator.AuthenticatorService"
70-->src/main/AndroidManifest.xml:55:13-49
71            android:enabled="true"
71-->src/main/AndroidManifest.xml:56:13-35
72            android:exported="false"
72-->src/main/AndroidManifest.xml:57:13-37
73            android:foregroundServiceType="remoteMessaging" />
73-->src/main/AndroidManifest.xml:58:13-60
74
75        <!-- SMS Receiver with permission protection -->
76        <receiver
76-->src/main/AndroidManifest.xml:61:9-69:20
77            android:name="com.digitalpapyrus.authenticator.SmsReceiver"
77-->src/main/AndroidManifest.xml:62:13-40
78            android:enabled="true"
78-->src/main/AndroidManifest.xml:63:13-35
79            android:exported="true"
79-->src/main/AndroidManifest.xml:64:13-36
80            android:permission="android.permission.BROADCAST_SMS" >
80-->src/main/AndroidManifest.xml:65:13-66
81            <intent-filter android:priority="999" >
81-->src/main/AndroidManifest.xml:66:13-68:29
81-->src/main/AndroidManifest.xml:66:28-50
82                <action android:name="android.provider.Telephony.SMS_RECEIVED" />
82-->src/main/AndroidManifest.xml:67:17-82
82-->src/main/AndroidManifest.xml:67:25-79
83            </intent-filter>
84        </receiver>
85
86        <!-- Boot Receiver for auto-start -->
87        <receiver
87-->src/main/AndroidManifest.xml:72:9-80:20
88            android:name="com.digitalpapyrus.authenticator.BootReceiver"
88-->src/main/AndroidManifest.xml:73:13-41
89            android:enabled="true"
89-->src/main/AndroidManifest.xml:74:13-35
90            android:exported="true" >
90-->src/main/AndroidManifest.xml:75:13-36
91            <intent-filter>
91-->src/main/AndroidManifest.xml:76:13-79:29
92                <action android:name="android.intent.action.BOOT_COMPLETED" />
92-->src/main/AndroidManifest.xml:77:17-79
92-->src/main/AndroidManifest.xml:77:25-76
93                <action android:name="android.intent.action.QUICKBOOT_POWERON" />
93-->src/main/AndroidManifest.xml:78:17-82
93-->src/main/AndroidManifest.xml:78:25-79
94            </intent-filter>
95        </receiver>
96
97        <!-- FCM Service -->
98        <service
98-->src/main/AndroidManifest.xml:83:9-90:19
99            android:name="com.digitalpapyrus.authenticator.AuthFcmService"
99-->src/main/AndroidManifest.xml:84:13-43
100            android:enabled="true"
100-->src/main/AndroidManifest.xml:85:13-35
101            android:exported="false" >
101-->src/main/AndroidManifest.xml:86:13-37
102            <intent-filter>
102-->src/main/AndroidManifest.xml:87:13-89:29
103                <action android:name="com.google.firebase.MESSAGING_EVENT" />
103-->src/main/AndroidManifest.xml:88:17-78
103-->src/main/AndroidManifest.xml:88:25-75
104            </intent-filter>
105        </service>
106
107        <!-- Keep-Alive Receiver -->
108        <receiver
108-->src/main/AndroidManifest.xml:93:9-96:40
109            android:name="com.digitalpapyrus.authenticator.KeepAliveReceiver"
109-->src/main/AndroidManifest.xml:94:13-46
110            android:enabled="true"
110-->src/main/AndroidManifest.xml:95:13-35
111            android:exported="false" />
111-->src/main/AndroidManifest.xml:96:13-37
112
113        <service
113-->[com.google.firebase:firebase-crashlytics-ktx:19.0.3] AndroidManifest.xml:21:9-27:19
114            android:name="com.google.firebase.components.ComponentDiscoveryService"
114-->[com.google.firebase:firebase-crashlytics-ktx:19.0.3] AndroidManifest.xml:22:13-84
115            android:directBootAware="true"
115-->[com.google.firebase:firebase-common:21.0.0] AndroidManifest.xml:32:13-43
116            android:exported="false" >
116-->[com.google.firebase:firebase-crashlytics-ktx:19.0.3] AndroidManifest.xml:23:13-37
117            <meta-data
117-->[com.google.firebase:firebase-crashlytics-ktx:19.0.3] AndroidManifest.xml:24:13-26:85
118                android:name="com.google.firebase.components:com.google.firebase.crashlytics.ktx.FirebaseCrashlyticsKtxRegistrar"
118-->[com.google.firebase:firebase-crashlytics-ktx:19.0.3] AndroidManifest.xml:25:17-130
119                android:value="com.google.firebase.components.ComponentRegistrar" />
119-->[com.google.firebase:firebase-crashlytics-ktx:19.0.3] AndroidManifest.xml:26:17-82
120            <meta-data
120-->[com.google.firebase:firebase-database-ktx:21.0.0] AndroidManifest.xml:12:13-14:85
121                android:name="com.google.firebase.components:com.google.firebase.database.ktx.FirebaseDatabaseLegacyRegistrar"
121-->[com.google.firebase:firebase-database-ktx:21.0.0] AndroidManifest.xml:13:17-127
122                android:value="com.google.firebase.components.ComponentRegistrar" />
122-->[com.google.firebase:firebase-database-ktx:21.0.0] AndroidManifest.xml:14:17-82
123            <meta-data
123-->[com.google.firebase:firebase-messaging-ktx:24.0.0] AndroidManifest.xml:26:13-28:85
124                android:name="com.google.firebase.components:com.google.firebase.messaging.ktx.FirebaseMessagingLegacyRegistrar"
124-->[com.google.firebase:firebase-messaging-ktx:24.0.0] AndroidManifest.xml:27:17-129
125                android:value="com.google.firebase.components.ComponentRegistrar" />
125-->[com.google.firebase:firebase-messaging-ktx:24.0.0] AndroidManifest.xml:28:17-82
126            <meta-data
126-->[com.google.firebase:firebase-database:21.0.0] AndroidManifest.xml:29:13-31:85
127                android:name="com.google.firebase.components:com.google.firebase.database.FirebaseDatabaseKtxRegistrar"
127-->[com.google.firebase:firebase-database:21.0.0] AndroidManifest.xml:30:17-120
128                android:value="com.google.firebase.components.ComponentRegistrar" />
128-->[com.google.firebase:firebase-database:21.0.0] AndroidManifest.xml:31:17-82
129            <meta-data
129-->[com.google.firebase:firebase-database:21.0.0] AndroidManifest.xml:32:13-34:85
130                android:name="com.google.firebase.components:com.google.firebase.database.DatabaseRegistrar"
130-->[com.google.firebase:firebase-database:21.0.0] AndroidManifest.xml:33:17-109
131                android:value="com.google.firebase.components.ComponentRegistrar" />
131-->[com.google.firebase:firebase-database:21.0.0] AndroidManifest.xml:34:17-82
132            <meta-data
132-->[com.google.firebase:firebase-auth-ktx:23.0.0] AndroidManifest.xml:11:13-13:85
133                android:name="com.google.firebase.components:com.google.firebase.auth.ktx.FirebaseAuthLegacyRegistrar"
133-->[com.google.firebase:firebase-auth-ktx:23.0.0] AndroidManifest.xml:12:17-119
134                android:value="com.google.firebase.components.ComponentRegistrar" />
134-->[com.google.firebase:firebase-auth-ktx:23.0.0] AndroidManifest.xml:13:17-82
135            <meta-data
135-->[com.google.firebase:firebase-auth:23.0.0] AndroidManifest.xml:69:13-71:85
136                android:name="com.google.firebase.components:com.google.firebase.auth.FirebaseAuthRegistrar"
136-->[com.google.firebase:firebase-auth:23.0.0] AndroidManifest.xml:70:17-109
137                android:value="com.google.firebase.components.ComponentRegistrar" />
137-->[com.google.firebase:firebase-auth:23.0.0] AndroidManifest.xml:71:17-82
138            <meta-data
138-->[com.google.firebase:firebase-crashlytics:19.0.3] AndroidManifest.xml:15:13-17:85
139                android:name="com.google.firebase.components:com.google.firebase.crashlytics.FirebaseCrashlyticsKtxRegistrar"
139-->[com.google.firebase:firebase-crashlytics:19.0.3] AndroidManifest.xml:16:17-126
140                android:value="com.google.firebase.components.ComponentRegistrar" />
140-->[com.google.firebase:firebase-crashlytics:19.0.3] AndroidManifest.xml:17:17-82
141            <meta-data
141-->[com.google.firebase:firebase-crashlytics:19.0.3] AndroidManifest.xml:18:13-20:85
142                android:name="com.google.firebase.components:com.google.firebase.crashlytics.CrashlyticsRegistrar"
142-->[com.google.firebase:firebase-crashlytics:19.0.3] AndroidManifest.xml:19:17-115
143                android:value="com.google.firebase.components.ComponentRegistrar" />
143-->[com.google.firebase:firebase-crashlytics:19.0.3] AndroidManifest.xml:20:17-82
144            <meta-data
144-->[com.google.firebase:firebase-messaging:24.0.0] AndroidManifest.xml:57:13-59:85
145                android:name="com.google.firebase.components:com.google.firebase.messaging.FirebaseMessagingKtxRegistrar"
145-->[com.google.firebase:firebase-messaging:24.0.0] AndroidManifest.xml:58:17-122
146                android:value="com.google.firebase.components.ComponentRegistrar" />
146-->[com.google.firebase:firebase-messaging:24.0.0] AndroidManifest.xml:59:17-82
147            <meta-data
147-->[com.google.firebase:firebase-messaging:24.0.0] AndroidManifest.xml:60:13-62:85
148                android:name="com.google.firebase.components:com.google.firebase.messaging.FirebaseMessagingRegistrar"
148-->[com.google.firebase:firebase-messaging:24.0.0] AndroidManifest.xml:61:17-119
149                android:value="com.google.firebase.components.ComponentRegistrar" />
149-->[com.google.firebase:firebase-messaging:24.0.0] AndroidManifest.xml:62:17-82
150            <meta-data
150-->[com.google.firebase:firebase-sessions:2.0.3] AndroidManifest.xml:29:13-31:85
151                android:name="com.google.firebase.components:com.google.firebase.sessions.FirebaseSessionsRegistrar"
151-->[com.google.firebase:firebase-sessions:2.0.3] AndroidManifest.xml:30:17-117
152                android:value="com.google.firebase.components.ComponentRegistrar" />
152-->[com.google.firebase:firebase-sessions:2.0.3] AndroidManifest.xml:31:17-82
153            <meta-data
153-->[com.google.firebase:firebase-installations:18.0.0] AndroidManifest.xml:15:13-17:85
154                android:name="com.google.firebase.components:com.google.firebase.installations.FirebaseInstallationsKtxRegistrar"
154-->[com.google.firebase:firebase-installations:18.0.0] AndroidManifest.xml:16:17-130
155                android:value="com.google.firebase.components.ComponentRegistrar" />
155-->[com.google.firebase:firebase-installations:18.0.0] AndroidManifest.xml:17:17-82
156            <meta-data
156-->[com.google.firebase:firebase-installations:18.0.0] AndroidManifest.xml:18:13-20:85
157                android:name="com.google.firebase.components:com.google.firebase.installations.FirebaseInstallationsRegistrar"
157-->[com.google.firebase:firebase-installations:18.0.0] AndroidManifest.xml:19:17-127
158                android:value="com.google.firebase.components.ComponentRegistrar" />
158-->[com.google.firebase:firebase-installations:18.0.0] AndroidManifest.xml:20:17-82
159            <meta-data
159-->[com.google.firebase:firebase-common-ktx:21.0.0] AndroidManifest.xml:12:13-14:85
160                android:name="com.google.firebase.components:com.google.firebase.ktx.FirebaseCommonLegacyRegistrar"
160-->[com.google.firebase:firebase-common-ktx:21.0.0] AndroidManifest.xml:13:17-116
161                android:value="com.google.firebase.components.ComponentRegistrar" />
161-->[com.google.firebase:firebase-common-ktx:21.0.0] AndroidManifest.xml:14:17-82
162            <meta-data
162-->[com.google.firebase:firebase-common:21.0.0] AndroidManifest.xml:35:13-37:85
163                android:name="com.google.firebase.components:com.google.firebase.FirebaseCommonKtxRegistrar"
163-->[com.google.firebase:firebase-common:21.0.0] AndroidManifest.xml:36:17-109
164                android:value="com.google.firebase.components.ComponentRegistrar" />
164-->[com.google.firebase:firebase-common:21.0.0] AndroidManifest.xml:37:17-82
165            <meta-data
165-->[com.google.firebase:firebase-datatransport:19.0.0] AndroidManifest.xml:25:13-27:85
166                android:name="com.google.firebase.components:com.google.firebase.datatransport.TransportRegistrar"
166-->[com.google.firebase:firebase-datatransport:19.0.0] AndroidManifest.xml:26:17-115
167                android:value="com.google.firebase.components.ComponentRegistrar" />
167-->[com.google.firebase:firebase-datatransport:19.0.0] AndroidManifest.xml:27:17-82
168        </service>
169
170        <provider
170-->[androidx.work:work-runtime:2.9.0] AndroidManifest.xml:29:9-37:20
171            android:name="androidx.startup.InitializationProvider"
171-->[androidx.work:work-runtime:2.9.0] AndroidManifest.xml:30:13-67
172            android:authorities="com.digitalpapyrus.authenticator.androidx-startup"
172-->[androidx.work:work-runtime:2.9.0] AndroidManifest.xml:31:13-68
173            android:exported="false" >
173-->[androidx.work:work-runtime:2.9.0] AndroidManifest.xml:32:13-37
174            <meta-data
174-->[androidx.work:work-runtime:2.9.0] AndroidManifest.xml:34:13-36:52
175                android:name="androidx.work.WorkManagerInitializer"
175-->[androidx.work:work-runtime:2.9.0] AndroidManifest.xml:35:17-68
176                android:value="androidx.startup" />
176-->[androidx.work:work-runtime:2.9.0] AndroidManifest.xml:36:17-49
177            <meta-data
177-->[androidx.emoji2:emoji2:1.3.0] AndroidManifest.xml:29:13-31:52
178                android:name="androidx.emoji2.text.EmojiCompatInitializer"
178-->[androidx.emoji2:emoji2:1.3.0] AndroidManifest.xml:30:17-75
179                android:value="androidx.startup" />
179-->[androidx.emoji2:emoji2:1.3.0] AndroidManifest.xml:31:17-49
180            <meta-data
180-->[androidx.lifecycle:lifecycle-process:2.6.2] AndroidManifest.xml:29:13-31:52
181                android:name="androidx.lifecycle.ProcessLifecycleInitializer"
181-->[androidx.lifecycle:lifecycle-process:2.6.2] AndroidManifest.xml:30:17-78
182                android:value="androidx.startup" />
182-->[androidx.lifecycle:lifecycle-process:2.6.2] AndroidManifest.xml:31:17-49
183            <meta-data
183-->[androidx.profileinstaller:profileinstaller:1.3.1] AndroidManifest.xml:29:13-31:52
184                android:name="androidx.profileinstaller.ProfileInstallerInitializer"
184-->[androidx.profileinstaller:profileinstaller:1.3.1] AndroidManifest.xml:30:17-85
185                android:value="androidx.startup" />
185-->[androidx.profileinstaller:profileinstaller:1.3.1] AndroidManifest.xml:31:17-49
186        </provider>
187
188        <service
188-->[androidx.work:work-runtime:2.9.0] AndroidManifest.xml:39:9-45:35
189            android:name="androidx.work.impl.background.systemalarm.SystemAlarmService"
189-->[androidx.work:work-runtime:2.9.0] AndroidManifest.xml:40:13-88
190            android:directBootAware="false"
190-->[androidx.work:work-runtime:2.9.0] AndroidManifest.xml:41:13-44
191            android:enabled="@bool/enable_system_alarm_service_default"
191-->[androidx.work:work-runtime:2.9.0] AndroidManifest.xml:42:13-72
192            android:exported="false" />
192-->[androidx.work:work-runtime:2.9.0] AndroidManifest.xml:43:13-37
193        <service
193-->[androidx.work:work-runtime:2.9.0] AndroidManifest.xml:46:9-52:35
194            android:name="androidx.work.impl.background.systemjob.SystemJobService"
194-->[androidx.work:work-runtime:2.9.0] AndroidManifest.xml:47:13-84
195            android:directBootAware="false"
195-->[androidx.work:work-runtime:2.9.0] AndroidManifest.xml:48:13-44
196            android:enabled="@bool/enable_system_job_service_default"
196-->[androidx.work:work-runtime:2.9.0] AndroidManifest.xml:49:13-70
197            android:exported="true"
197-->[androidx.work:work-runtime:2.9.0] AndroidManifest.xml:50:13-36
198            android:permission="android.permission.BIND_JOB_SERVICE" />
198-->[androidx.work:work-runtime:2.9.0] AndroidManifest.xml:51:13-69
199        <service
199-->[androidx.work:work-runtime:2.9.0] AndroidManifest.xml:53:9-59:35
200            android:name="androidx.work.impl.foreground.SystemForegroundService"
200-->[androidx.work:work-runtime:2.9.0] AndroidManifest.xml:54:13-81
201            android:directBootAware="false"
201-->[androidx.work:work-runtime:2.9.0] AndroidManifest.xml:55:13-44
202            android:enabled="@bool/enable_system_foreground_service_default"
202-->[androidx.work:work-runtime:2.9.0] AndroidManifest.xml:56:13-77
203            android:exported="false" />
203-->[androidx.work:work-runtime:2.9.0] AndroidManifest.xml:57:13-37
204
205        <receiver
205-->[androidx.work:work-runtime:2.9.0] AndroidManifest.xml:61:9-66:35
206            android:name="androidx.work.impl.utils.ForceStopRunnable$BroadcastReceiver"
206-->[androidx.work:work-runtime:2.9.0] AndroidManifest.xml:62:13-88
207            android:directBootAware="false"
207-->[androidx.work:work-runtime:2.9.0] AndroidManifest.xml:63:13-44
208            android:enabled="true"
208-->[androidx.work:work-runtime:2.9.0] AndroidManifest.xml:64:13-35
209            android:exported="false" />
209-->[androidx.work:work-runtime:2.9.0] AndroidManifest.xml:65:13-37
210        <receiver
210-->[androidx.work:work-runtime:2.9.0] AndroidManifest.xml:67:9-77:20
211            android:name="androidx.work.impl.background.systemalarm.ConstraintProxy$BatteryChargingProxy"
211-->[androidx.work:work-runtime:2.9.0] AndroidManifest.xml:68:13-106
212            android:directBootAware="false"
212-->[androidx.work:work-runtime:2.9.0] AndroidManifest.xml:69:13-44
213            android:enabled="false"
213-->[androidx.work:work-runtime:2.9.0] AndroidManifest.xml:70:13-36
214            android:exported="false" >
214-->[androidx.work:work-runtime:2.9.0] AndroidManifest.xml:71:13-37
215            <intent-filter>
215-->[androidx.work:work-runtime:2.9.0] AndroidManifest.xml:73:13-76:29
216                <action android:name="android.intent.action.ACTION_POWER_CONNECTED" />
216-->[androidx.work:work-runtime:2.9.0] AndroidManifest.xml:74:17-87
216-->[androidx.work:work-runtime:2.9.0] AndroidManifest.xml:74:25-84
217                <action android:name="android.intent.action.ACTION_POWER_DISCONNECTED" />
217-->[androidx.work:work-runtime:2.9.0] AndroidManifest.xml:75:17-90
217-->[androidx.work:work-runtime:2.9.0] AndroidManifest.xml:75:25-87
218            </intent-filter>
219        </receiver>
220        <receiver
220-->[androidx.work:work-runtime:2.9.0] AndroidManifest.xml:78:9-88:20
221            android:name="androidx.work.impl.background.systemalarm.ConstraintProxy$BatteryNotLowProxy"
221-->[androidx.work:work-runtime:2.9.0] AndroidManifest.xml:79:13-104
222            android:directBootAware="false"
222-->[androidx.work:work-runtime:2.9.0] AndroidManifest.xml:80:13-44
223            android:enabled="false"
223-->[androidx.work:work-runtime:2.9.0] AndroidManifest.xml:81:13-36
224            android:exported="false" >
224-->[androidx.work:work-runtime:2.9.0] AndroidManifest.xml:82:13-37
225            <intent-filter>
225-->[androidx.work:work-runtime:2.9.0] AndroidManifest.xml:84:13-87:29
226                <action android:name="android.intent.action.BATTERY_OKAY" />
226-->[androidx.work:work-runtime:2.9.0] AndroidManifest.xml:85:17-77
226-->[androidx.work:work-runtime:2.9.0] AndroidManifest.xml:85:25-74
227                <action android:name="android.intent.action.BATTERY_LOW" />
227-->[androidx.work:work-runtime:2.9.0] AndroidManifest.xml:86:17-76
227-->[androidx.work:work-runtime:2.9.0] AndroidManifest.xml:86:25-73
228            </intent-filter>
229        </receiver>
230        <receiver
230-->[androidx.work:work-runtime:2.9.0] AndroidManifest.xml:89:9-99:20
231            android:name="androidx.work.impl.background.systemalarm.ConstraintProxy$StorageNotLowProxy"
231-->[androidx.work:work-runtime:2.9.0] AndroidManifest.xml:90:13-104
232            android:directBootAware="false"
232-->[androidx.work:work-runtime:2.9.0] AndroidManifest.xml:91:13-44
233            android:enabled="false"
233-->[androidx.work:work-runtime:2.9.0] AndroidManifest.xml:92:13-36
234            android:exported="false" >
234-->[androidx.work:work-runtime:2.9.0] AndroidManifest.xml:93:13-37
235            <intent-filter>
235-->[androidx.work:work-runtime:2.9.0] AndroidManifest.xml:95:13-98:29
236                <action android:name="android.intent.action.DEVICE_STORAGE_LOW" />
236-->[androidx.work:work-runtime:2.9.0] AndroidManifest.xml:96:17-83
236-->[androidx.work:work-runtime:2.9.0] AndroidManifest.xml:96:25-80
237                <action android:name="android.intent.action.DEVICE_STORAGE_OK" />
237-->[androidx.work:work-runtime:2.9.0] AndroidManifest.xml:97:17-82
237-->[androidx.work:work-runtime:2.9.0] AndroidManifest.xml:97:25-79
238            </intent-filter>
239        </receiver>
240        <receiver
240-->[androidx.work:work-runtime:2.9.0] AndroidManifest.xml:100:9-109:20
241            android:name="androidx.work.impl.background.systemalarm.ConstraintProxy$NetworkStateProxy"
241-->[androidx.work:work-runtime:2.9.0] AndroidManifest.xml:101:13-103
242            android:directBootAware="false"
242-->[androidx.work:work-runtime:2.9.0] AndroidManifest.xml:102:13-44
243            android:enabled="false"
243-->[androidx.work:work-runtime:2.9.0] AndroidManifest.xml:103:13-36
244            android:exported="false" >
244-->[androidx.work:work-runtime:2.9.0] AndroidManifest.xml:104:13-37
245            <intent-filter>
245-->[androidx.work:work-runtime:2.9.0] AndroidManifest.xml:106:13-108:29
246                <action android:name="android.net.conn.CONNECTIVITY_CHANGE" />
246-->[androidx.work:work-runtime:2.9.0] AndroidManifest.xml:107:17-79
246-->[androidx.work:work-runtime:2.9.0] AndroidManifest.xml:107:25-76
247            </intent-filter>
248        </receiver>
249        <receiver
249-->[androidx.work:work-runtime:2.9.0] AndroidManifest.xml:110:9-121:20
250            android:name="androidx.work.impl.background.systemalarm.RescheduleReceiver"
250-->[androidx.work:work-runtime:2.9.0] AndroidManifest.xml:111:13-88
251            android:directBootAware="false"
251-->[androidx.work:work-runtime:2.9.0] AndroidManifest.xml:112:13-44
252            android:enabled="false"
252-->[androidx.work:work-runtime:2.9.0] AndroidManifest.xml:113:13-36
253            android:exported="false" >
253-->[androidx.work:work-runtime:2.9.0] AndroidManifest.xml:114:13-37
254            <intent-filter>
254-->[androidx.work:work-runtime:2.9.0] AndroidManifest.xml:116:13-120:29
255                <action android:name="android.intent.action.BOOT_COMPLETED" />
255-->src/main/AndroidManifest.xml:77:17-79
255-->src/main/AndroidManifest.xml:77:25-76
256                <action android:name="android.intent.action.TIME_SET" />
256-->[androidx.work:work-runtime:2.9.0] AndroidManifest.xml:118:17-73
256-->[androidx.work:work-runtime:2.9.0] AndroidManifest.xml:118:25-70
257                <action android:name="android.intent.action.TIMEZONE_CHANGED" />
257-->[androidx.work:work-runtime:2.9.0] AndroidManifest.xml:119:17-81
257-->[androidx.work:work-runtime:2.9.0] AndroidManifest.xml:119:25-78
258            </intent-filter>
259        </receiver>
260        <receiver
260-->[androidx.work:work-runtime:2.9.0] AndroidManifest.xml:122:9-131:20
261            android:name="androidx.work.impl.background.systemalarm.ConstraintProxyUpdateReceiver"
261-->[androidx.work:work-runtime:2.9.0] AndroidManifest.xml:123:13-99
262            android:directBootAware="false"
262-->[androidx.work:work-runtime:2.9.0] AndroidManifest.xml:124:13-44
263            android:enabled="@bool/enable_system_alarm_service_default"
263-->[androidx.work:work-runtime:2.9.0] AndroidManifest.xml:125:13-72
264            android:exported="false" >
264-->[androidx.work:work-runtime:2.9.0] AndroidManifest.xml:126:13-37
265            <intent-filter>
265-->[androidx.work:work-runtime:2.9.0] AndroidManifest.xml:128:13-130:29
266                <action android:name="androidx.work.impl.background.systemalarm.UpdateProxies" />
266-->[androidx.work:work-runtime:2.9.0] AndroidManifest.xml:129:17-98
266-->[androidx.work:work-runtime:2.9.0] AndroidManifest.xml:129:25-95
267            </intent-filter>
268        </receiver>
269        <receiver
269-->[androidx.work:work-runtime:2.9.0] AndroidManifest.xml:132:9-142:20
270            android:name="androidx.work.impl.diagnostics.DiagnosticsReceiver"
270-->[androidx.work:work-runtime:2.9.0] AndroidManifest.xml:133:13-78